июл. 16, 2024 4:31:32 PM null
WARNING: Изображение на панели пустое
июл. 16, 2024 4:31:32 PM null
WARNING: Изображение на панели пустое
июл. 16, 2024 4:31:38 PM org.example.MainWindow main
INFO: Камера найдена: org.opencv.videoio.VideoCapture@8646db9
июл. 16, 2024 4:32:30 PM org.example.MainWindow main
SEVERE: Произошла ошибка: Index 2 out of bounds for length 1
июл. 16, 2024 4:32:30 PM null
SEVERE: Произошла ошибка: Index 2 out of bounds for length 1
июл. 16, 2024 4:32:31 PM org.example.MainWindow main
SEVERE: Произошла ошибка: Index 2 out of bounds for length 1
июл. 16, 2024 4:32:31 PM null
SEVERE: Произошла ошибка: Index 2 out of bounds for length 1
июл. 16, 2024 4:32:31 PM org.example.MainWindow main
SEVERE: Произошла ошибка: Index 2 out of bounds for length 1
июл. 16, 2024 4:32:31 PM null
SEVERE: Произошла ошибка: Index 2 out of bounds for length 1
июл. 16, 2024 4:32:32 PM org.example.MainWindow main
SEVERE: Произошла ошибка: Index 2 out of bounds for length 1
июл. 16, 2024 4:32:32 PM null
SEVERE: Произошла ошибка: Index 2 out of bounds for length 1
июл. 16, 2024 4:32:56 PM org.example.MainWindow main
SEVERE: Произошла ошибка: Index 2 out of bounds for length 1
июл. 16, 2024 4:32:56 PM null
SEVERE: Произошла ошибка: Index 2 out of bounds for length 1
июл. 16, 2024 4:32:58 PM org.example.MainWindow main
SEVERE: Произошла ошибка: Index 2 out of bounds for length 1
июл. 16, 2024 4:32:58 PM null
SEVERE: Произошла ошибка: Index 2 out of bounds for length 1
июл. 16, 2024 4:33:00 PM org.example.MainWindow main
SEVERE: Произошла ошибка: Index 2 out of bounds for length 1
июл. 16, 2024 4:33:00 PM null
SEVERE: Произошла ошибка: Index 2 out of bounds for length 1
июл. 16, 2024 4:33:01 PM org.example.MainWindow main
SEVERE: Произошла ошибка: Index 2 out of bounds for length 1
июл. 16, 2024 4:33:01 PM null
SEVERE: Произошла ошибка: Index 2 out of bounds for length 1
июл. 16, 2024 4:33:06 PM org.example.MainWindow main
SEVERE: Произошла ошибка: Index 2 out of bounds for length 1
июл. 16, 2024 4:33:06 PM null
SEVERE: Произошла ошибка: Index 2 out of bounds for length 1
июл. 16, 2024 4:33:06 PM org.example.MainWindow main
SEVERE: Произошла ошибка: Index 2 out of bounds for length 1
июл. 16, 2024 4:33:06 PM null
SEVERE: Произошла ошибка: Index 2 out of bounds for length 1
